::1 - - [07/May/2022:08:31:48 +0000] "GET /aplicacionWeb/nucleo-icons HTTP/1.1" 200 38 "http://localhost:3000/" "Mozilla/5.0 (Windows NT 10.0; Win64; x64) AppleWebKit/537.36 (KHTML, like Gecko) Chrome/100.0.4896.127 Safari/537.36"
::1 - - [07/May/2022:08:31:48 +0000] "GET /aplicacionWeb/nucleo-svg HTTP/1.1" 200 38 "http://localhost:3000/" "Mozilla/5.0 (Windows NT 10.0; Win64; x64) AppleWebKit/537.36 (KHTML, like Gecko) Chrome/100.0.4896.127 Safari/537.36"
::1 - - [07/May/2022:08:31:48 +0000] "GET /aplicacionWeb/material-dashboard HTTP/1.1" 200 38 "http://localhost:3000/" "Mozilla/5.0 (Windows NT 10.0; Win64; x64) AppleWebKit/537.36 (KHTML, like Gecko) Chrome/100.0.4896.127 Safari/537.36"
::1 - - [07/May/2022:08:31:48 +0000] "GET /aplicacionWeb/estilos HTTP/1.1" 200 38 "http://localhost:3000/" "Mozilla/5.0 (Windows NT 10.0; Win64; x64) AppleWebKit/537.36 (KHTML, like Gecko) Chrome/100.0.4896.127 Safari/537.36"
::1 - - [07/May/2022:08:31:48 +0000] "GET /aplicacionWeb/jquery360 HTTP/1.1" 200 38 "http://localhost:3000/" "Mozilla/5.0 (Windows NT 10.0; Win64; x64) AppleWebKit/537.36 (KHTML, like Gecko) Chrome/100.0.4896.127 Safari/537.36"
::1 - - [07/May/2022:08:31:48 +0000] "GET /aplicacionWeb/scriptVisuales HTTP/1.1" 200 38 "http://localhost:3000/" "Mozilla/5.0 (Windows NT 10.0; Win64; x64) AppleWebKit/537.36 (KHTML, like Gecko) Chrome/100.0.4896.127 Safari/537.36"
::1 - - [07/May/2022:08:31:48 +0000] "GET /aplicacionWeb/script HTTP/1.1" 200 38 "http://localhost:3000/" "Mozilla/5.0 (Windows NT 10.0; Win64; x64) AppleWebKit/537.36 (KHTML, like Gecko) Chrome/100.0.4896.127 Safari/537.36"
::1 - - [07/May/2022:08:31:48 +0000] "GET /aplicacionWeb/popper_min_js HTTP/1.1" 200 38 "http://localhost:3000/" "Mozilla/5.0 (Windows NT 10.0; Win64; x64) AppleWebKit/537.36 (KHTML, like Gecko) Chrome/100.0.4896.127 Safari/537.36"
::1 - - [07/May/2022:08:31:48 +0000] "GET /aplicacionWeb/bootstrap_min_js HTTP/1.1" 200 38 "http://localhost:3000/" "Mozilla/5.0 (Windows NT 10.0; Win64; x64) AppleWebKit/537.36 (KHTML, like Gecko) Chrome/100.0.4896.127 Safari/537.36"
::1 - - [07/May/2022:08:31:48 +0000] "GET /aplicacionWeb/perfect-scrollbar_min_js HTTP/1.1" 200 38 "http://localhost:3000/" "Mozilla/5.0 (Windows NT 10.0; Win64; x64) AppleWebKit/537.36 (KHTML, like Gecko) Chrome/100.0.4896.127 Safari/537.36"
::1 - - [07/May/2022:08:31:48 +0000] "GET /aplicacionWeb/smooth-scrollbar_min_js HTTP/1.1" 200 38 "http://localhost:3000/" "Mozilla/5.0 (Windows NT 10.0; Win64; x64) AppleWebKit/537.36 (KHTML, like Gecko) Chrome/100.0.4896.127 Safari/537.36"
::1 - - [07/May/2022:08:31:48 +0000] "GET /aplicacionWeb/chartjs_min_js HTTP/1.1" 200 38 "http://localhost:3000/" "Mozilla/5.0 (Windows NT 10.0; Win64; x64) AppleWebKit/537.36 (KHTML, like Gecko) Chrome/100.0.4896.127 Safari/537.36"
::1 - - [07/May/2022:08:31:48 +0000] "GET /aplicacionWeb/material-dashboard_min_js HTTP/1.1" 304 - "http://localhost:3000/" "Mozilla/5.0 (Windows NT 10.0; Win64; x64) AppleWebKit/537.36 (KHTML, like Gecko) Chrome/100.0.4896.127 Safari/537.36"
::1 - - [07/May/2022:08:31:48 +0000] "GET /aplicacionWeb/logo-ct_png HTTP/1.1" 200 38 "http://localhost:3000/" "Mozilla/5.0 (Windows NT 10.0; Win64; x64) AppleWebKit/537.36 (KHTML, like Gecko) Chrome/100.0.4896.127 Safari/537.36"
::1 - - [07/May/2022:08:31:48 +0000] "GET /aplicacionWeb/team-2_png HTTP/1.1" 200 38 "http://localhost:3000/" "Mozilla/5.0 (Windows NT 10.0; Win64; x64) AppleWebKit/537.36 (KHTML, like Gecko) Chrome/100.0.4896.127 Safari/537.36"
::1 - - [07/May/2022:08:31:48 +0000] "GET /aplicacionWeb/logo-spotify_svg HTTP/1.1" 200 38 "http://localhost:3000/" "Mozilla/5.0 (Windows NT 10.0; Win64; x64) AppleWebKit/537.36 (KHTML, like Gecko) Chrome/100.0.4896.127 Safari/537.36"
::1 - - [07/May/2022:08:31:49 +0000] "GET /aplicacionWeb/favicon_png HTTP/1.1" 200 38 "http://localhost:3000/" "Mozilla/5.0 (Windows NT 10.0; Win64; x64) AppleWebKit/537.36 (KHTML, like Gecko) Chrome/100.0.4896.127 Safari/537.36"
::1 - - [07/May/2022:08:31:57 +0000] "GET /aplicacionWeb/nucleo-icons HTTP/1.1" 304 - "http://localhost:3000/" "Mozilla/5.0 (Windows NT 10.0; Win64; x64) AppleWebKit/537.36 (KHTML, like Gecko) Chrome/100.0.4896.127 Safari/537.36"
::1 - - [07/May/2022:08:31:57 +0000] "GET /aplicacionWeb/nucleo-svg HTTP/1.1" 304 - "http://localhost:3000/" "Mozilla/5.0 (Windows NT 10.0; Win64; x64) AppleWebKit/537.36 (KHTML, like Gecko) Chrome/100.0.4896.127 Safari/537.36"
::1 - - [07/May/2022:08:31:57 +0000] "GET /aplicacionWeb/estilos HTTP/1.1" 304 - "http://localhost:3000/" "Mozilla/5.0 (Windows NT 10.0; Win64; x64) AppleWebKit/537.36 (KHTML, like Gecko) Chrome/100.0.4896.127 Safari/537.36"
::1 - - [07/May/2022:08:31:57 +0000] "GET /aplicacionWeb/material-dashboard HTTP/1.1" 304 - "http://localhost:3000/" "Mozilla/5.0 (Windows NT 10.0; Win64; x64) AppleWebKit/537.36 (KHTML, like Gecko) Chrome/100.0.4896.127 Safari/537.36"
